\\wdmycloudex2\timemachinebackup\2. humber\1. componentproject\fall2017\graphicsframework1.2 with trackball\componentframework\debug\vc140.pdb
\\wdmycloudex2\timemachinebackup\2. humber\1. componentproject\fall2017\graphicsframework1.2 with trackball\componentframework\debug\vc140.idb
\\wdmycloudex2\timemachinebackup\2. humber\1. componentproject\fall2017\graphicsframework1.2 with trackball\componentframework\debug\camera.obj
\\wdmycloudex2\timemachinebackup\2. humber\1. componentproject\fall2017\graphicsframework1.2 with trackball\componentframework\debug\debug.obj
\\wdmycloudex2\timemachinebackup\2. humber\1. componentproject\fall2017\graphicsframework1.2 with trackball\componentframework\debug\mesh.obj
\\wdmycloudex2\timemachinebackup\2. humber\1. componentproject\fall2017\graphicsframework1.2 with trackball\componentframework\debug\mmath.obj
\\wdmycloudex2\timemachinebackup\2. humber\1. componentproject\fall2017\graphicsframework1.2 with trackball\componentframework\debug\model.obj
\\wdmycloudex2\timemachinebackup\2. humber\1. componentproject\fall2017\graphicsframework1.2 with trackball\componentframework\debug\objloader.obj
\\wdmycloudex2\timemachinebackup\2. humber\1. componentproject\fall2017\graphicsframework1.2 with trackball\componentframework\debug\sceneenvironment.obj
\\wdmycloudex2\timemachinebackup\2. humber\1. componentproject\fall2017\graphicsframework1.2 with trackball\componentframework\debug\shader.obj
\\wdmycloudex2\timemachinebackup\2. humber\1. componentproject\fall2017\graphicsframework1.2 with trackball\componentframework\debug\trackball.obj
\\wdmycloudex2\timemachinebackup\2. humber\1. componentproject\fall2017\graphicsframework1.2 with trackball\componentframework\debug\vmath.obj
\\wdmycloudex2\timemachinebackup\2. humber\1. componentproject\fall2017\graphicsframework1.2 with trackball\debug\componentframework.pdb
\\wdmycloudex2\timemachinebackup\2. humber\1. componentproject\fall2017\graphicsframework1.2 with trackball\componentframework\debug\main.obj
\\wdmycloudex2\timemachinebackup\2. humber\1. componentproject\fall2017\graphicsframework1.2 with trackball\componentframework\debug\gamescenemanager.obj
\\wdmycloudex2\timemachinebackup\2. humber\1. componentproject\fall2017\graphicsframework1.2 with trackball\componentframework\debug\timer.obj
\\wdmycloudex2\timemachinebackup\2. humber\1. componentproject\fall2017\graphicsframework1.2 with trackball\componentframework\debug\scene1.obj
\\wdmycloudex2\timemachinebackup\2. humber\1. componentproject\fall2017\graphicsframework1.2 with trackball\componentframework\debug\window.obj
\\wdmycloudex2\timemachinebackup\2. humber\1. componentproject\fall2017\graphicsframework1.2 with trackball\componentframework\debug\scene.obj
\\wdmycloudex2\timemachinebackup\2. humber\1. componentproject\fall2017\graphicsframework1.2 with trackball\debug\componentframework.exe
\\wdmycloudex2\timemachinebackup\2. humber\1. componentproject\fall2017\graphicsframework1.2 with trackball\debug\componentframework.ilk
\\wdmycloudex2\timemachinebackup\2. humber\1. componentproject\fall2017\graphicsframework1.2 with trackball\componentframework\debug\componen.f2dcb53b.tlog\cl.command.1.tlog
\\wdmycloudex2\timemachinebackup\2. humber\1. componentproject\fall2017\graphicsframework1.2 with trackball\componentframework\debug\componen.f2dcb53b.tlog\link.command.1.tlog
\\wdmycloudex2\timemachinebackup\2. humber\1. componentproject\fall2017\graphicsframework1.2 with trackball\componentframework\debug\componen.f2dcb53b.tlog\cl.read.1.tlog
\\wdmycloudex2\timemachinebackup\2. humber\1. componentproject\fall2017\graphicsframework1.2 with trackball\componentframework\debug\componen.f2dcb53b.tlog\link.read.1.tlog
\\wdmycloudex2\timemachinebackup\2. humber\1. componentproject\fall2017\graphicsframework1.2 with trackball\componentframework\debug\componen.f2dcb53b.tlog\cl.write.1.tlog
\\wdmycloudex2\timemachinebackup\2. humber\1. componentproject\fall2017\graphicsframework1.2 with trackball\componentframework\debug\componen.f2dcb53b.tlog\link.write.1.tlog
